Detecting compiler hash for triplet x64-windows...
The following packages will be removed:
    boost:x64-windows
    boost-accumulators:x64-windows
    boost-algorithm:x64-windows
    boost-align:x64-windows
    boost-any:x64-windows
    boost-array:x64-windows
    boost-asio:x64-windows
    boost-assert:x64-windows
    boost-assign:x64-windows
    boost-atomic:x64-windows
    boost-beast:x64-windows
    boost-bimap:x64-windows
    boost-bind:x64-windows
    boost-build:x64-windows
    boost-callable-traits:x64-windows
    boost-chrono:x64-windows
    boost-circular-buffer:x64-windows
    boost-compatibility:x64-windows
    boost-compute:x64-windows
    boost-concept-check:x64-windows
    boost-config:x64-windows
    boost-container:x64-windows
    boost-container-hash:x64-windows
    boost-context:x64-windows
    boost-contract:x64-windows
    boost-conversion:x64-windows
    boost-convert:x64-windows
    boost-core:x64-windows
    boost-coroutine:x64-windows
    boost-coroutine2:x64-windows
    boost-crc:x64-windows
    boost-date-time:x64-windows
    boost-describe:x64-windows
    boost-detail:x64-windows
    boost-dll:x64-windows
    boost-dynamic-bitset:x64-windows
    boost-endian:x64-windows
    boost-exception:x64-windows
    boost-fiber:x64-windows
    boost-filesystem:x64-windows
    boost-flyweight:x64-windows
    boost-foreach:x64-windows
    boost-format:x64-windows
    boost-function:x64-windows
    boost-function-types:x64-windows
    boost-functional:x64-windows
    boost-fusion:x64-windows
    boost-geometry:x64-windows
    boost-gil:x64-windows
    boost-graph:x64-windows
    boost-hana:x64-windows
    boost-heap:x64-windows
    boost-histogram:x64-windows
    boost-hof:x64-windows
    boost-icl:x64-windows
    boost-integer:x64-windows
    boost-interprocess:x64-windows
    boost-interval:x64-windows
    boost-intrusive:x64-windows
    boost-io:x64-windows
    boost-iostreams:x64-windows
    boost-iterator:x64-windows
    boost-json:x64-windows
    boost-lambda:x64-windows
    boost-lambda2:x64-windows
    boost-leaf:x64-windows
    boost-lexical-cast:x64-windows
    boost-local-function:x64-windows
    boost-locale:x64-windows
    boost-lockfree:x64-windows
    boost-log:x64-windows
    boost-logic:x64-windows
    boost-math:x64-windows
    boost-metaparse:x64-windows
    boost-modular-build-helper:x64-windows
    boost-move:x64-windows
    boost-mp11:x64-windows
    boost-mpl:x64-windows
    boost-msm:x64-windows
    boost-multi-array:x64-windows
    boost-multi-index:x64-windows
    boost-multiprecision:x64-windows
    boost-nowide:x64-windows
    boost-numeric-conversion:x64-windows
    boost-odeint:x64-windows
    boost-optional:x64-windows
    boost-outcome:x64-windows
    boost-parameter:x64-windows
    boost-parameter-python:x64-windows
    boost-pfr:x64-windows
    boost-phoenix:x64-windows
    boost-poly-collection:x64-windows
    boost-polygon:x64-windows
    boost-pool:x64-windows
    boost-predef:x64-windows
    boost-preprocessor:x64-windows
    boost-process:x64-windows
    boost-program-options:x64-windows
    boost-property-map:x64-windows
    boost-property-tree:x64-windows
    boost-proto:x64-windows
    boost-ptr-container:x64-windows
    boost-python:x64-windows
    boost-qvm:x64-windows
    boost-random:x64-windows
    boost-range:x64-windows
    boost-ratio:x64-windows
    boost-rational:x64-windows
    boost-regex:x64-windows
    boost-safe-numerics:x64-windows
    boost-scope-exit:x64-windows
    boost-serialization:x64-windows
    boost-signals2:x64-windows
    boost-smart-ptr:x64-windows
    boost-sort:x64-windows
    boost-spirit:x64-windows
    boost-stacktrace:x64-windows
    boost-statechart:x64-windows
    boost-static-assert:x64-windows
    boost-static-string:x64-windows
    boost-stl-interfaces:x64-windows
    boost-system:x64-windows
    boost-test:x64-windows
    boost-thread:x64-windows
    boost-throw-exception:x64-windows
    boost-timer:x64-windows
    boost-tokenizer:x64-windows
    boost-tti:x64-windows
    boost-tuple:x64-windows
    boost-type-erasure:x64-windows
    boost-type-index:x64-windows
    boost-type-traits:x64-windows
    boost-typeof:x64-windows
    boost-ublas:x64-windows
    boost-uninstall:x64-windows
    boost-units:x64-windows
    boost-unordered:x64-windows
    boost-url:x64-windows
    boost-utility:x64-windows
    boost-uuid:x64-windows
    boost-variant:x64-windows
    boost-variant2:x64-windows
    boost-vcpkg-helpers:x64-windows
    boost-vmd:x64-windows
    boost-wave:x64-windows
    boost-winapi:x64-windows
    boost-xpressive:x64-windows
    boost-yap:x64-windows
    bzip2:x64-windows
    expat:x64-windows
    libffi:x64-windows
    liblzma:x64-windows
    openssl:x64-windows
    python3:x64-windows
    sqlite3:x64-windows
    vcpkg-cmake-get-vars:x64-windows
    zstd:x64-windows
The following packages will be built and installed:
    asio[core]:x64-windows -> 1.24.0#1 -- C:\Users\lrsoft\.clion-vcpkg\vcpkg\buildtrees\versioning_\versions\asio\b134a3e21a2ef661aa5e3802cefc22386c095aaa
Removing 1/158 boost:x64-windows
Elapsed time to handle boost:x64-windows: 5.72 ms
Removing 2/158 boost-accumulators:x64-windows
Elapsed time to handle boost-accumulators:x64-windows: 58.7 ms
Removing 3/158 boost-assign:x64-windows
Elapsed time to handle boost-assign:x64-windows: 16.9 ms
Removing 4/158 boost-beast:x64-windows
Elapsed time to handle boost-beast:x64-windows: 149 ms
Removing 5/158 boost-callable-traits:x64-windows
Elapsed time to handle boost-callable-traits:x64-windows: 44 ms
Removing 6/158 boost-compatibility:x64-windows
Elapsed time to handle boost-compatibility:x64-windows: 16.5 ms
Removing 7/158 boost-contract:x64-windows
Elapsed time to handle boost-contract:x64-windows: 44.8 ms
Removing 8/158 boost-convert:x64-windows
Elapsed time to handle boost-convert:x64-windows: 16.3 ms
Removing 9/158 boost-coroutine2:x64-windows
Elapsed time to handle boost-coroutine2:x64-windows: 18.4 ms
Removing 10/158 boost-crc:x64-windows
Elapsed time to handle boost-crc:x64-windows: 6.64 ms
Removing 11/158 boost-dll:x64-windows
Elapsed time to handle boost-dll:x64-windows: 24.3 ms
Removing 12/158 boost-fiber:x64-windows
Elapsed time to handle boost-fiber:x64-windows: 48.5 ms
Removing 13/158 boost-flyweight:x64-windows
Elapsed time to handle boost-flyweight:x64-windows: 29.7 ms
Removing 14/158 boost-geometry:x64-windows
Elapsed time to handle boost-geometry:x64-windows: 709 ms
Removing 15/158 boost-gil:x64-windows
Elapsed time to handle boost-gil:x64-windows: 147 ms
Removing 16/158 boost-heap:x64-windows
Elapsed time to handle boost-heap:x64-windows: 15.3 ms
Removing 17/158 boost-histogram:x64-windows
Elapsed time to handle boost-histogram:x64-windows: 58.1 ms
Removing 18/158 boost-hof:x64-windows
Elapsed time to handle boost-hof:x64-windows: 45.1 ms
Removing 19/158 boost-icl:x64-windows
Elapsed time to handle boost-icl:x64-windows: 67.9 ms
Removing 20/158 boost-iostreams:x64-windows
Elapsed time to handle boost-iostreams:x64-windows: 86.3 ms
Removing 21/158 zstd:x64-windows
Elapsed time to handle zstd:x64-windows: 15.6 ms
Removing 22/158 boost-json:x64-windows
Elapsed time to handle boost-json:x64-windows: 64.9 ms
Removing 23/158 boost-lambda2:x64-windows
Elapsed time to handle boost-lambda2:x64-windows: 8.94 ms
Removing 24/158 boost-leaf:x64-windows
Elapsed time to handle boost-leaf:x64-windows: 21.4 ms
Removing 25/158 boost-local-function:x64-windows
Elapsed time to handle boost-local-function:x64-windows: 38.6 ms
Removing 26/158 boost-locale:x64-windows
Elapsed time to handle boost-locale:x64-windows: 26 ms
Removing 27/158 boost-lockfree:x64-windows
Elapsed time to handle boost-lockfree:x64-windows: 13.9 ms
Removing 28/158 boost-log:x64-windows
Elapsed time to handle boost-log:x64-windows: 158 ms
Removing 29/158 boost-interprocess:x64-windows
Elapsed time to handle boost-interprocess:x64-windows: 105 ms
Removing 30/158 boost-metaparse:x64-windows
Elapsed time to handle boost-metaparse:x64-windows: 190 ms
Removing 31/158 boost-msm:x64-windows
Elapsed time to handle boost-msm:x64-windows: 39.1 ms
Removing 32/158 boost-multiprecision:x64-windows
Elapsed time to handle boost-multiprecision:x64-windows: 67.7 ms
Removing 33/158 boost-nowide:x64-windows
Elapsed time to handle boost-nowide:x64-windows: 27.1 ms
Removing 34/158 boost-odeint:x64-windows
Elapsed time to handle boost-odeint:x64-windows: 116 ms
Removing 35/158 boost-multi-array:x64-windows
Elapsed time to handle boost-multi-array:x64-windows: 18.3 ms
Removing 36/158 boost-outcome:x64-windows
Elapsed time to handle boost-outcome:x64-windows: 48.4 ms
Removing 37/158 boost-parameter-python:x64-windows
Elapsed time to handle boost-parameter-python:x64-windows: 9.07 ms
Removing 38/158 boost-pfr:x64-windows
Elapsed time to handle boost-pfr:x64-windows: 23.8 ms
Removing 39/158 boost-poly-collection:x64-windows
Elapsed time to handle boost-poly-collection:x64-windows: 25.6 ms
Removing 40/158 boost-polygon:x64-windows
Elapsed time to handle boost-polygon:x64-windows: 40.5 ms
Removing 41/158 boost-process:x64-windows
Elapsed time to handle boost-process:x64-windows: 107 ms
Removing 42/158 boost-program-options:x64-windows
Elapsed time to handle boost-program-options:x64-windows: 22.4 ms
Removing 43/158 boost-ptr-container:x64-windows
Elapsed time to handle boost-ptr-container:x64-windows: 31 ms
Removing 44/158 boost-circular-buffer:x64-windows
Elapsed time to handle boost-circular-buffer:x64-windows: 11.6 ms
Removing 45/158 boost-python:x64-windows
Elapsed time to handle boost-python:x64-windows: 139 ms
Removing 46/158 boost-graph:x64-windows
Elapsed time to handle boost-graph:x64-windows: 119 ms
Removing 47/158 boost-bimap:x64-windows
Elapsed time to handle boost-bimap:x64-windows: 77.3 ms
Removing 48/158 boost-property-map:x64-windows
Elapsed time to handle boost-property-map:x64-windows: 12 ms
Removing 49/158 python3:x64-windows
Elapsed time to handle python3:x64-windows: 1.4 s
Removing 50/158 bzip2:x64-windows
Elapsed time to handle bzip2:x64-windows: 14.3 ms
Removing 51/158 expat:x64-windows
Elapsed time to handle expat:x64-windows: 14.7 ms
Removing 52/158 libffi:x64-windows
Elapsed time to handle libffi:x64-windows: 14.1 ms
Removing 53/158 liblzma:x64-windows
Elapsed time to handle liblzma:x64-windows: 22 ms
Removing 54/158 openssl:x64-windows
Elapsed time to handle openssl:x64-windows: 93 ms
Removing 55/158 sqlite3:x64-windows
Elapsed time to handle sqlite3:x64-windows: 16.3 ms
Removing 56/158 boost-qvm:x64-windows
Elapsed time to handle boost-qvm:x64-windows: 54.8 ms
Removing 57/158 boost-safe-numerics:x64-windows
Elapsed time to handle boost-safe-numerics:x64-windows: 20.5 ms
Removing 58/158 boost-scope-exit:x64-windows
Elapsed time to handle boost-scope-exit:x64-windows: 7.47 ms
Removing 59/158 boost-signals2:x64-windows
Elapsed time to handle boost-signals2:x64-windows: 31.4 ms
Removing 60/158 boost-parameter:x64-windows
Elapsed time to handle boost-parameter:x64-windows: 64.1 ms
Removing 61/158 boost-sort:x64-windows
Elapsed time to handle boost-sort:x64-windows: 35.6 ms
Removing 62/158 boost-stacktrace:x64-windows
Elapsed time to handle boost-stacktrace:x64-windows: 28.9 ms
Removing 63/158 boost-statechart:x64-windows
Elapsed time to handle boost-statechart:x64-windows: 24.2 ms
Removing 64/158 boost-static-string:x64-windows
Elapsed time to handle boost-static-string:x64-windows: 9.05 ms
Removing 65/158 boost-stl-interfaces:x64-windows
Elapsed time to handle boost-stl-interfaces:x64-windows: 24.2 ms
Removing 66/158 boost-test:x64-windows
Elapsed time to handle boost-test:x64-windows: 116 ms
Removing 67/158 boost-timer:x64-windows
Elapsed time to handle boost-timer:x64-windows: 12.8 ms
Removing 68/158 boost-type-erasure:x64-windows
Elapsed time to handle boost-type-erasure:x64-windows: 38 ms
Removing 69/158 boost-ublas:x64-windows
Elapsed time to handle boost-ublas:x64-windows: 50.1 ms
Removing 70/158 boost-compute:x64-windows
Elapsed time to handle boost-compute:x64-windows: 195 ms
Removing 71/158 boost-property-tree:x64-windows
Elapsed time to handle boost-property-tree:x64-windows: 31.2 ms
Removing 72/158 boost-any:x64-windows
Elapsed time to handle boost-any:x64-windows: 11.3 ms
Removing 73/158 boost-interval:x64-windows
Elapsed time to handle boost-interval:x64-windows: 30.8 ms
Removing 74/158 boost-logic:x64-windows
Elapsed time to handle boost-logic:x64-windows: 8.93 ms
Removing 75/158 boost-units:x64-windows
Elapsed time to handle boost-units:x64-windows: 196 ms
Removing 76/158 boost-lambda:x64-windows
Elapsed time to handle boost-lambda:x64-windows: 24.5 ms
Removing 77/158 boost-math:x64-windows
Elapsed time to handle boost-math:x64-windows: 307 ms
Removing 78/158 boost-url:x64-windows
Elapsed time to handle boost-url:x64-windows: 122 ms
Removing 79/158 boost-uuid:x64-windows
Elapsed time to handle boost-uuid:x64-windows: 23.9 ms
Removing 80/158 boost-random:x64-windows
Elapsed time to handle boost-random:x64-windows: 60.2 ms
Removing 81/158 boost-dynamic-bitset:x64-windows
Elapsed time to handle boost-dynamic-bitset:x64-windows: 14.3 ms
Removing 82/158 boost-tti:x64-windows
Elapsed time to handle boost-tti:x64-windows: 53.6 ms
Removing 83/158 boost-vmd:x64-windows
Elapsed time to handle boost-vmd:x64-windows: 127 ms
Removing 84/158 boost-wave:x64-windows
Elapsed time to handle boost-wave:x64-windows: 49.4 ms
Removing 85/158 boost-filesystem:x64-windows
Elapsed time to handle boost-filesystem:x64-windows: 18 ms
Removing 86/158 boost-format:x64-windows
Elapsed time to handle boost-format:x64-windows: 16.8 ms
Removing 87/158 boost-multi-index:x64-windows
Elapsed time to handle boost-multi-index:x64-windows: 53.6 ms
Removing 88/158 boost-foreach:x64-windows
Elapsed time to handle boost-foreach:x64-windows: 7.46 ms
Removing 89/158 boost-serialization:x64-windows
Elapsed time to handle boost-serialization:x64-windows: 116 ms
Removing 90/158 boost-xpressive:x64-windows
Elapsed time to handle boost-xpressive:x64-windows: 76.7 ms
Removing 91/158 boost-spirit:x64-windows
Elapsed time to handle boost-spirit:x64-windows: 699 ms
Removing 92/158 boost-endian:x64-windows
Elapsed time to handle boost-endian:x64-windows: 16.5 ms
Removing 93/158 boost-phoenix:x64-windows
Elapsed time to handle boost-phoenix:x64-windows: 204 ms
Removing 94/158 boost-proto:x64-windows
Elapsed time to handle boost-proto:x64-windows: 109 ms
Removing 95/158 boost-variant:x64-windows
Elapsed time to handle boost-variant:x64-windows: 28.9 ms
Removing 96/158 boost-yap:x64-windows
Elapsed time to handle boost-yap:x64-windows: 14.1 ms
Removing 97/158 boost-hana:x64-windows
Elapsed time to handle boost-hana:x64-windows: 257 ms
Removing 98/158 boost-thread:x64-windows
Elapsed time to handle boost-thread:x64-windows: 106 ms
Removing 99/158 boost-atomic:x64-windows
Elapsed time to handle boost-atomic:x64-windows: 89.7 ms
Removing 100/158 boost-asio:x64-windows
Elapsed time to handle boost-asio:x64-windows: 377 ms
Removing 101/158 boost-align:x64-windows
Elapsed time to handle boost-align:x64-windows: 42.1 ms
Removing 102/158 boost-chrono:x64-windows
Elapsed time to handle boost-chrono:x64-windows: 56.2 ms
Removing 103/158 boost-ratio:x64-windows
Elapsed time to handle boost-ratio:x64-windows: 30.8 ms
Removing 104/158 boost-rational:x64-windows
Elapsed time to handle boost-rational:x64-windows: 8.51 ms
Removing 105/158 boost-coroutine:x64-windows
Elapsed time to handle boost-coroutine:x64-windows: 41.2 ms
Removing 106/158 boost-context:x64-windows
Elapsed time to handle boost-context:x64-windows: 38.7 ms
Removing 107/158 boost-pool:x64-windows
Elapsed time to handle boost-pool:x64-windows: 20.4 ms
Removing 108/158 boost-date-time:x64-windows
Elapsed time to handle boost-date-time:x64-windows: 75.4 ms
Removing 109/158 boost-algorithm:x64-windows
Elapsed time to handle boost-algorithm:x64-windows: 55.6 ms
Removing 110/158 boost-unordered:x64-windows
Elapsed time to handle boost-unordered:x64-windows: 18 ms
Removing 111/158 boost-lexical-cast:x64-windows
Elapsed time to handle boost-lexical-cast:x64-windows: 14.9 ms
Removing 112/158 boost-container:x64-windows
Elapsed time to handle boost-container:x64-windows: 88.1 ms
Removing 113/158 boost-intrusive:x64-windows
Elapsed time to handle boost-intrusive:x64-windows: 56.6 ms
Removing 114/158 boost-numeric-conversion:x64-windows
Elapsed time to handle boost-numeric-conversion:x64-windows: 21 ms
Removing 115/158 boost-range:x64-windows
Elapsed time to handle boost-range:x64-windows: 98.2 ms
Removing 116/158 boost-array:x64-windows
Elapsed time to handle boost-array:x64-windows: 6.38 ms
Removing 117/158 boost-tokenizer:x64-windows
Elapsed time to handle boost-tokenizer:x64-windows: 8.28 ms
Removing 118/158 boost-iterator:x64-windows
Elapsed time to handle boost-iterator:x64-windows: 27.2 ms
Removing 119/158 boost-conversion:x64-windows
Elapsed time to handle boost-conversion:x64-windows: 7.66 ms
Removing 120/158 boost-fusion:x64-windows
Elapsed time to handle boost-fusion:x64-windows: 621 ms
Removing 121/158 boost-functional:x64-windows
Elapsed time to handle boost-functional:x64-windows: 13.7 ms
Removing 122/158 boost-function-types:x64-windows
Elapsed time to handle boost-function-types:x64-windows: 59 ms
Removing 123/158 boost-optional:x64-windows
Elapsed time to handle boost-optional:x64-windows: 16.3 ms
Removing 124/158 boost-detail:x64-windows
Elapsed time to handle boost-detail:x64-windows: 18.8 ms
Removing 125/158 boost-exception:x64-windows
Elapsed time to handle boost-exception:x64-windows: 23.1 ms
Removing 126/158 boost-tuple:x64-windows
Elapsed time to handle boost-tuple:x64-windows: 9.44 ms
Removing 127/158 boost-function:x64-windows
Elapsed time to handle boost-function:x64-windows: 20 ms
Removing 128/158 boost-bind:x64-windows
Elapsed time to handle boost-bind:x64-windows: 21.4 ms
Removing 129/158 boost-type-index:x64-windows
Elapsed time to handle boost-type-index:x64-windows: 16.8 ms
Removing 130/158 boost-typeof:x64-windows
Elapsed time to handle boost-typeof:x64-windows: 36.4 ms
Removing 131/158 boost-regex:x64-windows
Elapsed time to handle boost-regex:x64-windows: 79.2 ms
Removing 132/158 boost-concept-check:x64-windows
Elapsed time to handle boost-concept-check:x64-windows: 19.3 ms
Removing 133/158 boost-container-hash:x64-windows
Elapsed time to handle boost-container-hash:x64-windows: 22.8 ms
Removing 134/158 boost-describe:x64-windows
Elapsed time to handle boost-describe:x64-windows: 23.1 ms
Removing 135/158 boost-integer:x64-windows
Elapsed time to handle boost-integer:x64-windows: 16.2 ms
Removing 136/158 boost-mpl:x64-windows
Elapsed time to handle boost-mpl:x64-windows: 631 ms
Removing 137/158 boost-smart-ptr:x64-windows
Elapsed time to handle boost-smart-ptr:x64-windows: 60.3 ms
Removing 138/158 boost-move:x64-windows
Elapsed time to handle boost-move:x64-windows: 32.6 ms
Removing 139/158 boost-system:x64-windows
Elapsed time to handle boost-system:x64-windows: 29 ms
Removing 140/158 boost-build:x64-windows
Elapsed time to handle boost-build:x64-windows: 565 ms
Removing 141/158 boost-modular-build-helper:x64-windows
Elapsed time to handle boost-modular-build-helper:x64-windows: 8.56 ms
Removing 142/158 vcpkg-cmake-get-vars:x64-windows
Elapsed time to handle vcpkg-cmake-get-vars:x64-windows: 7.95 ms
Removing 143/158 boost-variant2:x64-windows
Elapsed time to handle boost-variant2:x64-windows: 7.83 ms
Removing 144/158 boost-mp11:x64-windows
Elapsed time to handle boost-mp11:x64-windows: 24.1 ms
Removing 145/158 boost-winapi:x64-windows
Elapsed time to handle boost-winapi:x64-windows: 82.8 ms
Removing 146/158 boost-predef:x64-windows
Elapsed time to handle boost-predef:x64-windows: 89.8 ms
Removing 147/158 boost-utility:x64-windows
Elapsed time to handle boost-utility:x64-windows: 20.1 ms
Removing 148/158 boost-core:x64-windows
Elapsed time to handle boost-core:x64-windows: 35.4 ms
Removing 149/158 boost-io:x64-windows
Elapsed time to handle boost-io:x64-windows: 11.2 ms
Removing 150/158 boost-preprocessor:x64-windows
Elapsed time to handle boost-preprocessor:x64-windows: 240 ms
Removing 151/158 boost-throw-exception:x64-windows
Elapsed time to handle boost-throw-exception:x64-windows: 9.17 ms
Removing 152/158 boost-assert:x64-windows
Elapsed time to handle boost-assert:x64-windows: 9.08 ms
Removing 153/158 boost-type-traits:x64-windows
Elapsed time to handle boost-type-traits:x64-windows: 131 ms
Removing 154/158 boost-static-assert:x64-windows
Elapsed time to handle boost-static-assert:x64-windows: 9.31 ms
Removing 155/158 boost-config:x64-windows
Elapsed time to handle boost-config:x64-windows: 169 ms
Removing 156/158 boost-vcpkg-helpers:x64-windows
Elapsed time to handle boost-vcpkg-helpers:x64-windows: 7.83 ms
Removing 157/158 boost-uninstall:x64-windows
Elapsed time to handle boost-uninstall:x64-windows: 6.07 ms
Restored 1 package(s) from C:\Users\lrsoft\AppData\Local\vcpkg\archives in 1.1 s. Use --debug to see more details.
Installing 158/158 asio:x64-windows...
Elapsed time to handle asio:x64-windows: 509 ms
Total install time: 14 s
asio provides CMake targets:

    # this is heuristically generated, and may not be correct
    find_package(asio CONFIG REQUIRED)
    target_link_libraries(main PRIVATE asio::asio)

curl provides CMake targets:

    # this is heuristically generated, and may not be correct
    find_package(CURL CONFIG REQUIRED)
    target_link_libraries(main PRIVATE CURL::libcurl)

jsoncpp provides CMake targets:

    # this is heuristically generated, and may not be correct
    find_package(jsoncpp CONFIG REQUIRED)
    target_link_libraries(main PRIVATE JsonCpp::JsonCpp)

